0 info it worked if it ends with ok
1 verbose cli [ '/usr/local/bin/node', '/usr/local/bin/npm', 'start' ]
2 info using npm@3.10.10
3 info using node@v6.10.2
4 verbose run-script [ 'prestart', 'start', 'poststart' ]
5 info lifecycle portfolio@1.1.3~prestart: portfolio@1.1.3
6 silly lifecycle portfolio@1.1.3~prestart: no script for prestart, continuing
7 info lifecycle portfolio@1.1.3~start: portfolio@1.1.3
8 verbose lifecycle portfolio@1.1.3~start: unsafe-perm in lifecycle true
9 verbose lifecycle portfolio@1.1.3~start: PATH: /usr/local/lib/node_modules/npm/bin/node-gyp-bin:/Users/Aotik/Documents/Projects/portfolio/node_modules/.bin:/usr/local/mysql/bin:/usr/local/bin:/usr/bin:/bin:/usr/sbin:/sbin:/opt/X11/bin
10 verbose lifecycle portfolio@1.1.3~start: CWD: /Users/Aotik/Documents/Projects/portfolio
11 silly lifecycle portfolio@1.1.3~start: Args: [ '-c', 'gulp dev' ]
12 silly lifecycle portfolio@1.1.3~start: Returned: code: 1  signal: null
13 info lifecycle portfolio@1.1.3~start: Failed to exec start script
14 verbose stack Error: portfolio@1.1.3 start: `gulp dev`
14 verbose stack Exit status 1
14 verbose stack     at EventEmitter.<anonymous> (/usr/local/lib/node_modules/npm/lib/utils/lifecycle.js:255:16)
14 verbose stack     at emitTwo (events.js:106:13)
14 verbose stack     at EventEmitter.emit (events.js:191:7)
14 verbose stack     at ChildProcess.<anonymous> (/usr/local/lib/node_modules/npm/lib/utils/spawn.js:40:14)
14 verbose stack     at emitTwo (events.js:106:13)
14 verbose stack     at ChildProcess.emit (events.js:191:7)
14 verbose stack     at maybeClose (internal/child_process.js:886:16)
14 verbose stack     at Process.ChildProcess._handle.onexit (internal/child_process.js:226:5)
15 verbose pkgid portfolio@1.1.3
16 verbose cwd /Users/Aotik/Documents/Projects/portfolio
17 error Darwin 16.3.0
18 error argv "/usr/local/bin/node" "/usr/local/bin/npm" "start"
19 error node v6.10.2
20 error npm  v3.10.10
21 error code ELIFECYCLE
22 error portfolio@1.1.3 start: `gulp dev`
22 error Exit status 1
23 error Failed at the portfolio@1.1.3 start script 'gulp dev'.
23 error Make sure you have the latest version of node.js and npm installed.
23 error If you do, this is most likely a problem with the portfolio package,
23 error not with npm itself.
23 error Tell the author that this fails on your system:
23 error     gulp dev
23 error You can get information on how to open an issue for this project with:
23 error     npm bugs portfolio
23 error Or if that isn't available, you can get their info via:
23 error     npm owner ls portfolio
23 error There is likely additional logging output above.
24 verbose exit [ 1, true ]
